<?xml version="1.0" encoding="UTF-8"?>
<testsuite name="com.meawallet.sdkregistry.core.registration.complete.CompleteRegistrationServiceTest" tests="3" skipped="0" failures="0" errors="0" timestamp="2021-09-11T09:58:07" hostname="Olegss-MacBook-Pro-2.local" time="1.003">
  <properties/>
  <testcase name="shouldFailWhenKeysNotFound()" classname="com.meawallet.sdkregistry.core.registration.complete.CompleteRegistrationServiceTest" time="0.972"/>
  <testcase name="shouldActivateKeysOnSuccessfulComplete()" classname="com.meawallet.sdkregistry.core.registration.complete.CompleteRegistrationServiceTest" time="0.018"/>
  <testcase name="shouldFailWhenSecretValueDoesNotMatch()" classname="com.meawallet.sdkregistry.core.registration.complete.CompleteRegistrationServiceTest" time="0.004"/>
  <system-out><![CDATA[12:58:07.844 [Test worker] DEBUG reactor.util.Loggers - Using Slf4j logging framework
12:58:07.876 [Test worker] DEBUG com.meawallet.sdkregistry.core.registration.complete.CompleteRegistrationService - About to complete registration : CompleteRegistrationCommand(keysetId=eaa08cd1c42059975f42f20332decf0d, secretValue=12205e4db13e8472c381bfb36bf2c45bfed95b86dabe542286c71589a66d52e1)
12:58:08.056 [Test worker] DEBUG com.meawallet.sdkregistry.core.registration.complete.CompleteRegistrationService - About to complete registration : CompleteRegistrationCommand(keysetId=eaa08cd1c42059975f42f20332decf0d, secretValue=12205e4db13e8472c381bfb36bf2c45bfed95b86dabe542286c71589a66d52e1)
12:58:08.062 [Test worker] DEBUG com.meawallet.sdkregistry.core.registration.complete.CompleteRegistrationService - Registration completed with keyset id : eaa08cd1c42059975f42f20332decf0d
12:58:08.068 [Test worker] DEBUG com.meawallet.sdkregistry.core.registration.complete.CompleteRegistrationService - About to complete registration : CompleteRegistrationCommand(keysetId=eaa08cd1c42059975f42f20332decf0d, secretValue=12205e4db13e8472c381bfb36bf2c45bfed95b86dabe542286c71589a66d52e1)
]]></system-out>
  <system-err><![CDATA[]]></system-err>
</testsuite>
