<?xml version="1.0" encoding="UTF-8"?>
<testsuite name="com.meawallet.sdkregistry.core.registration.initialize.InitializeRegistrationServiceTest" tests="1" skipped="0" failures="0" errors="0" timestamp="2021-09-11T09:58:08" hostname="Olegss-MacBook-Pro-2.local" time="0.288">
  <properties/>
  <testcase name="shouldCreateSdkInstanceWithKeysAndRegisterInOutServices()" classname="com.meawallet.sdkregistry.core.registration.initialize.InitializeRegistrationServiceTest" time="0.288"/>
  <system-out><![CDATA[12:58:08.322 [Test worker] DEBUG com.meawallet.sdkregistry.core.registration.initialize.InitializeRegistrationService - About to initialize registration : InitializeRegistrationCommand(sdkId=POS, sdkInstanceId=771E7929535CA0DB0A63F45194B845CD, devicePublicKey=30820122300d06092a864886f70d01010105000382010f003082010a0282010100a1eb2bb2453691d721240f724dc00d4575c65d782dc05b647d4132c9d829964462e037e22720308f36c501ead79e631df930b3fab1e04e6322a82ebb49af0d0f09b06c3f1972b1ed04b66d668af5a07fbfd535c4eb23dd064a8a8708b9c95cf4d80fc7cbef80cf2d6d5115583bc6b1331c31faa62bcc93f2a2fba154264bc4cbe00493c3cfb40584542a70c290c1b16535559433c5904d8ba023f3d75fd3562880cd5b1ced844232698c5ae014de2d9b0b6a4f35b6bcc5c09b3189268b91197dc9e251955a1471ac1fbd59d49e4cb4964f453098f9f1c140f3be5a337f931d6093ba1493cd05dc8a169bd5a87105e437212f886a537b1cdb14429857e63ea3270203010001, shredKeyFingerprint=24378cdbdbdc1e226a0ce89285c30431950418174a72a7fb990bd20f1b13825a, fcmRegistrationId=APA91bHPRgkF3JUikC4ENAHEeMrd41Zxv3hVZjC9KtT8OvPVG, rgk=EncryptedRgk(encryptedEncryptionKey=ec01b2577c5b29aba408aad84316f67150bfb943789b3a5ffc05e3bc99e54dbc, encryptedMacKey=a8fd1ca3a3ac67ca92c4836752eaa93650bfb943789b3a5ffc05e3bc99e54dbc), gpsLocation=GpsLocation(latitude=56.9769399, longitude=24.1655157))
12:58:08.365 [Test worker] DEBUG com.meawallet.sdkregistry.core.registration.initialize.InitializeRegistrationService - About to initialize registration result : InitializeRegistrationResult(keyset=EncryptedSdkKeyset(keySetId=eaa08cd1c42059975f42f20332decf0d, push=EncryptedPushKeys(dataEncryptionKey=7ff868751fee5e2f9eab00c83eac3304565dc904a7e892602ef84268cc8335e0, dataMacKey=ffbf022ffa1fc12ca586dea475a1ca6a565dc904a7e892602ef84268cc8335e0, messageMacKey=d67424fb7c96096f2c3992000212b1b6565dc904a7e892602ef84268cc8335e0), attestation=EncryptedEncMacKeys(encryptionKey=e8a4a8cf61c9bc80852af34dfae4339a565dc904a7e892602ef84268cc8335e0, macKey=c35dde5a2709951624a5027118b4f73f565dc904a7e892602ef84268cc8335e0), transaction=EncryptedEncMacKeys(encryptionKey=2b43d3b6a66dbdf04d765813526b1e91565dc904a7e892602ef84268cc8335e0, macKey=e2ebd0fdbd382c1978d8c19007b7f611565dc904a7e892602ef84268cc8335e0), secretKey=EncryptedSecretKey(key=202bdfd06175558302538c97c5bb1f9a565dc904a7e892602ef84268cc8335e0, fingerprint=0371f80a4149e86a263f233efb3a18ff911613e43f862b7e0813598bbac93fec)))
]]></system-out>
  <system-err><![CDATA[]]></system-err>
</testsuite>
