<?xml version="1.0" encoding="UTF-8"?>
<testsuite name="com.meawallet.sdkregistry.core.registration.initialize.PlainSdkKeysetGenerationServiceTest" tests="1" skipped="0" failures="0" errors="0" timestamp="2021-09-11T09:58:08" hostname="Olegss-MacBook-Pro-2.local" time="0.108">
  <properties/>
  <testcase name="shouldGenerateAllKeys()" classname="com.meawallet.sdkregistry.core.registration.initialize.PlainSdkKeysetGenerationServiceTest" time="0.108"/>
  <system-out><![CDATA[]]></system-out>
  <system-err><![CDATA[]]></system-err>
</testsuite>
