<?xml version="1.0" encoding="UTF-8"?>
<testsuite name="com.meawallet.sdkregistry.core.createseed.SeedServiceTest" tests="2" skipped="0" failures="0" errors="0" timestamp="2021-09-11T09:58:08" hostname="Olegss-MacBook-Pro-2.local" time="0.005">
  <properties/>
  <testcase name="should()" classname="com.meawallet.sdkregistry.core.createseed.SeedServiceTest" time="0.001"/>
  <testcase name="shouldGenerateTwoDifferentSeeds()" classname="com.meawallet.sdkregistry.core.createseed.SeedServiceTest" time="0.004"/>
  <system-out><![CDATA[12:58:08.688 [Test worker] DEBUG com.meawallet.sdkregistry.core.createseed.SeedService - About to create seed with length : 10
12:58:08.689 [Test worker] DEBUG com.meawallet.sdkregistry.core.createseed.SeedService - Seeds generated : 0102030405060708090a, 0a090807060504030201
]]></system-out>
  <system-err><![CDATA[]]></system-err>
</testsuite>
