<?xml version="1.0" encoding="UTF-8"?>
<testsuite name="com.meawallet.sdkregistry.core.registration.initialize.PlainSdkKeysetEncryptionServiceTest" tests="1" skipped="0" failures="0" errors="0" timestamp="2021-09-11T09:58:08" hostname="Olegss-MacBook-Pro-2.local" time="0.013">
  <properties/>
  <testcase name="shouldEncryptAllKeys()" classname="com.meawallet.sdkregistry.core.registration.initialize.PlainSdkKeysetEncryptionServiceTest" time="0.013"/>
  <system-out><![CDATA[12:58:08.675 [Test worker] DEBUG com.meawallet.sdkregistry.core.registration.initialize.PlainSdkKeysetEncryptionService - Key encrypted from : f72896dc308292f6aa26711d3331e65c->7ff868751fee5e2f9eab00c83eac3304565dc904a7e892602ef84268cc8335e0
12:58:08.675 [Test worker] DEBUG com.meawallet.sdkregistry.core.registration.initialize.PlainSdkKeysetEncryptionService - Key encrypted from : af6b62a55df6bc0ab76a50ce18088b54->ffbf022ffa1fc12ca586dea475a1ca6a565dc904a7e892602ef84268cc8335e0
12:58:08.676 [Test worker] DEBUG com.meawallet.sdkregistry.core.registration.initialize.PlainSdkKeysetEncryptionService - Key encrypted from : c7142575feb4ebd80e43f4b4d75ffe88->d67424fb7c96096f2c3992000212b1b6565dc904a7e892602ef84268cc8335e0
12:58:08.676 [Test worker] DEBUG com.meawallet.sdkregistry.core.registration.initialize.PlainSdkKeysetEncryptionService - Key encrypted from : acfa5a29334dd171423061574e4fabea->e8a4a8cf61c9bc80852af34dfae4339a565dc904a7e892602ef84268cc8335e0
12:58:08.676 [Test worker] DEBUG com.meawallet.sdkregistry.core.registration.initialize.PlainSdkKeysetEncryptionService - Key encrypted from : 8232e9fd71e7ba4db3d404934d3cfc83->c35dde5a2709951624a5027118b4f73f565dc904a7e892602ef84268cc8335e0
12:58:08.677 [Test worker] DEBUG com.meawallet.sdkregistry.core.registration.initialize.PlainSdkKeysetEncryptionService - Key encrypted from : 82af0a11de94f139cee142bf3f60cc42->2b43d3b6a66dbdf04d765813526b1e91565dc904a7e892602ef84268cc8335e0
12:58:08.677 [Test worker] DEBUG com.meawallet.sdkregistry.core.registration.initialize.PlainSdkKeysetEncryptionService - Key encrypted from : 6790068c9db7d51b8d7371f8f21d84e0->e2ebd0fdbd382c1978d8c19007b7f611565dc904a7e892602ef84268cc8335e0
12:58:08.678 [Test worker] DEBUG com.meawallet.sdkregistry.core.registration.initialize.PlainSdkKeysetEncryptionService - Key encrypted from : 7ba90d2e4d5e40341edfe5302aa9bfd5->202bdfd06175558302538c97c5bb1f9a565dc904a7e892602ef84268cc8335e0
]]></system-out>
  <system-err><![CDATA[]]></system-err>
</testsuite>
