<?xml version="1.0" encoding="UTF-8"?>
<testsuite name="com.meawallet.sdkregistry.core.registration.initialize.SdkInstancePersistenceServiceTest" tests="2" skipped="0" failures="0" errors="0" timestamp="2021-09-11T09:58:08" hostname="Olegss-MacBook-Pro-2.local" time="0.068">
  <properties/>
  <testcase name="shouldSaveNewSdkInstance()" classname="com.meawallet.sdkregistry.core.registration.initialize.SdkInstancePersistenceServiceTest" time="0.058"/>
  <testcase name="shouldFailWhenSdkInstanceAlreadyExists()" classname="com.meawallet.sdkregistry.core.registration.initialize.SdkInstancePersistenceServiceTest" time="0.008"/>
  <system-out><![CDATA[12:58:08.537 [Test worker] DEBUG com.meawallet.sdkregistry.core.registration.initialize.SdkInstancePersistenceService - Saved new sdk instance : SdkInstanceEntity(id=null, sdkInstanceId=771E7929535CA0DB0A63F45194B845CD, sdkId=POS, fcmRegistrationId=APA91bHPRgkF3JUikC4ENAHEeMrd41Zxv3hVZjC9KtT8OvPVG, latitude=56.9769399, longitude=24.1655157, createdAt=null)
12:58:08.544 [Test worker] DEBUG com.meawallet.sdkregistry.core.registration.initialize.SdkInstancePersistenceService - Unable to save sdk instance as it already exists : 771E7929535CA0DB0A63F45194B845CD
]]></system-out>
  <system-err><![CDATA[]]></system-err>
</testsuite>
