<?xml version="1.0" encoding="UTF-8"?>
<testsuite name="com.meawallet.sdkregistry.cryptography.FingerprintCalculatorSha256Test" tests="1" skipped="0" failures="0" errors="0" timestamp="2021-09-11T09:58:11" hostname="Olegss-MacBook-Pro-2.local" time="0.003">
  <properties/>
  <testcase name="shouldCalculateFingerprint()" classname="com.meawallet.sdkregistry.cryptography.FingerprintCalculatorSha256Test" time="0.003"/>
  <system-out><![CDATA[]]></system-out>
  <system-err><![CDATA[]]></system-err>
</testsuite>
