<?xml version="1.0" encoding="UTF-8"?>
<testsuite name="com.meawallet.sdkregistry.cryptography.AesEncryptionServiceImplTest" tests="2" skipped="0" failures="0" errors="0" timestamp="2021-09-11T09:58:11" hostname="Olegss-MacBook-Pro-2.local" time="0.078">
  <properties/>
  <testcase name="shouldDecryptWithPkcs5Padding()" classname="com.meawallet.sdkregistry.cryptography.AesEncryptionServiceImplTest" time="0.071"/>
  <testcase name="shouldEncryptWithPkcs5Padding()" classname="com.meawallet.sdkregistry.cryptography.AesEncryptionServiceImplTest" time="0.003"/>
  <system-out><![CDATA[]]></system-out>
  <system-err><![CDATA[]]></system-err>
</testsuite>
